2011/04/20 22:12:06 にビルドを開始しました。
     1>ノード 2 上のプロジェクト "C:\Documents and Settings\fujii\My Documents\My Dropbox\visual_studio\MyLibrary\RayTracing\RayTracing.vcxproj" (build ターゲット)。
     1>InitializeBuildStatus:
         "AlwaysCreate" が指定されたため "Debug\RayTracing.unsuccessfulbuild" を作成しています。
       ClCompile:
         C:\Program Files\Microsoft Visual Studio 10.0\VC\bin\CL.exe /c /ZI /nologo /W3 /WX- /Od /Oy- /D _MBCS /Gm /EHsc /RTC1 /MDd /GS /fp:precise /Zc:wchar_t /Zc:forScope /Fo"Debug\\" /Fd"Debug\vc100.pdb" /Gd /TP /analyze- /errorReport:prompt main.cpp
         main.cpp
       Link:
         C:\Program Files\Microsoft Visual Studio 10.0\VC\bin\link.exe /ERRORREPORT:PROMPT /OUT:"C:\Documents and Settings\fujii\My Documents\My Dropbox\visual_studio\MyLibrary\RayTracing\Debug\RayTracing.exe" /NOLOGO kernel32.lib user32.lib gdi32.lib winspool.lib comdlg32.lib advapi32.lib shell32.lib ole32.lib oleaut32.lib uuid.lib odbc32.lib odbccp32.lib /MANIFEST /ManifestFile:"Debug\RayTracing.exe.intermediate.manifest" /MANIFESTUAC:"level='asInvoker' uiAccess='false'" /DEBUG /PDB:"C:\Documents and Settings\fujii\My Documents\My Dropbox\visual_studio\MyLibrary\RayTracing\Debug\RayTracing.pdb" /TLBID:1 /DYNAMICBASE /NXCOMPAT /IMPLIB:"C:\Documents and Settings\fujii\My Documents\My Dropbox\visual_studio\MyLibrary\RayTracing\Debug\RayTracing.lib" /MACHINE:X86 Debug\main.obj
         ..\..\gsl_lib_Win32\cblas.lib
         ..\..\gsl_lib_Win32\gsl.lib
         LINK : 前回のインクリメンタル リンクで C:\Documents and Settings\fujii\My Documents\My Dropbox\visual_studio\MyLibrary\RayTracing\Debug\RayTracing.exe が見つからなかったか、ビルドされませんでした。フル リンクを行います。
     1>LINK : warning LNK4098: defaultlib 'LIBCMT' は他のライブラリの使用と競合しています。/NODEFAULTLIB:library を使用してください。
         RayTracing.vcxproj -> C:\Documents and Settings\fujii\My Documents\My Dropbox\visual_studio\MyLibrary\RayTracing\Debug\RayTracing.exe
       Manifest:
         C:\Program Files\Microsoft SDKs\Windows\v7.0A\bin\mt.exe /nologo /verbose /outputresource:"C:\Documents and Settings\fujii\My Documents\My Dropbox\visual_studio\MyLibrary\RayTracing\Debug\RayTracing.exe;#1" /manifest Debug\RayTracing.exe.intermediate.manifest
       FinalizeBuildStatus:
         ファイル "Debug\RayTracing.unsuccessfulbuild" を削除しています。
         "Debug\RayTracing.lastbuildstate" のタッチ タスクを実行しています。
     1>プロジェクト "C:\Documents and Settings\fujii\My Documents\My Dropbox\visual_studio\MyLibrary\RayTracing\RayTracing.vcxproj" (build ターゲット) のビルドが完了しました。

ビルドに成功しました。

経過時間 00:00:01.71
