D:\MyDocument\My Dropbox\visual_studio\MyLibrary\IGOR\Debug\cl.command.1.tlog
D:\MyDocument\My Dropbox\visual_studio\MyLibrary\IGOR\Debug\CL.read.1.tlog
D:\MyDocument\My Dropbox\visual_studio\MyLibrary\IGOR\Debug\CL.write.1.tlog
D:\MYDOCUMENT\MY DROPBOX\VISUAL_STUDIO\MYLIBRARY\IGOR\DEBUG\IGOR.EXE
D:\MYDOCUMENT\MY DROPBOX\VISUAL_STUDIO\MYLIBRARY\IGOR\DEBUG\IGOR.EXE.INTERMEDIATE.MANIFEST
D:\MYDOCUMENT\MY DROPBOX\VISUAL_STUDIO\MYLIBRARY\IGOR\DEBUG\IGOR.ILK
D:\MYDOCUMENT\MY DROPBOX\VISUAL_STUDIO\MYLIBRARY\IGOR\DEBUG\IGOR.PDB
D:\MyDocument\My Dropbox\visual_studio\MyLibrary\IGOR\Debug\IGORfile.exe.intermediate.manifest
D:\MyDocument\My Dropbox\visual_studio\MyLibrary\IGOR\Debug\IGORfile.pdb
D:\MyDocument\My Dropbox\visual_studio\MyLibrary\IGOR\Debug\link.command.1.tlog
D:\MyDocument\My Dropbox\visual_studio\MyLibrary\IGOR\Debug\link.read.1.tlog
D:\MyDocument\My Dropbox\visual_studio\MyLibrary\IGOR\Debug\link.write.1.tlog
D:\MYDOCUMENT\MY DROPBOX\VISUAL_STUDIO\MYLIBRARY\IGOR\DEBUG\MAIN.OBJ
D:\MyDocument\My Dropbox\visual_studio\MyLibrary\IGOR\Debug\mt.command.1.tlog
D:\MyDocument\My Dropbox\visual_studio\MyLibrary\IGOR\Debug\mt.read.1.tlog
D:\MyDocument\My Dropbox\visual_studio\MyLibrary\IGOR\Debug\mt.write.1.tlog
D:\MyDocument\My Dropbox\visual_studio\MyLibrary\IGOR\Debug\vc100.idb
D:\MYDOCUMENT\MY DROPBOX\VISUAL_STUDIO\MYLIBRARY\IGOR\DEBUG\VC100.PDB
D:\MyDocument\My Dropbox\visual_studio\MyLibrary\IGOR\Debug\vc90.idb
D:\MyDocument\My Dropbox\visual_studio\MyLibrary\IGOR\Debug\vc90.pdb
