C:\USERS\KEISUKEFUJII\DROPBOX\VISUAL_STUDIO\MYLIBRARY\PHYSICALDATA\STARK\DEBUG\MAIN.OBJ
C:\USERS\KEISUKEFUJII\DROPBOX\VISUAL_STUDIO\MYLIBRARY\PHYSICALDATA\STARK\DEBUG\VC110.PDB
C:\USERS\KEISUKEFUJII\DROPBOX\VISUAL_STUDIO\MYLIBRARY\PHYSICALDATA\STARK\DEBUG\STARK.ILK
C:\USERS\KEISUKEFUJII\DROPBOX\VISUAL_STUDIO\MYLIBRARY\PHYSICALDATA\STARK\DEBUG\STARK.EXE
C:\USERS\KEISUKEFUJII\DROPBOX\VISUAL_STUDIO\MYLIBRARY\PHYSICALDATA\STARK\DEBUG\STARK.PDB
C:\Users\KeisukeFujii\Dropbox\visual_studio\MyLibrary\PhysicalData\Stark\Debug\main.obj
C:\Users\KeisukeFujii\Dropbox\visual_studio\MyLibrary\PhysicalData\Stark\Debug\Stark.ilk
C:\Users\KeisukeFujii\Dropbox\visual_studio\MyLibrary\PhysicalData\Stark\Debug\cl.command.1.tlog
C:\Users\KeisukeFujii\Dropbox\visual_studio\MyLibrary\PhysicalData\Stark\Debug\CL.read.1.tlog
C:\Users\KeisukeFujii\Dropbox\visual_studio\MyLibrary\PhysicalData\Stark\Debug\CL.write.1.tlog
C:\Users\KeisukeFujii\Dropbox\visual_studio\MyLibrary\PhysicalData\Stark\Debug\link-cvtres.read.1.tlog
C:\Users\KeisukeFujii\Dropbox\visual_studio\MyLibrary\PhysicalData\Stark\Debug\link-cvtres.write.1.tlog
C:\Users\KeisukeFujii\Dropbox\visual_studio\MyLibrary\PhysicalData\Stark\Debug\link-rc.read.1.tlog
C:\Users\KeisukeFujii\Dropbox\visual_studio\MyLibrary\PhysicalData\Stark\Debug\link-rc.write.1.tlog
C:\Users\KeisukeFujii\Dropbox\visual_studio\MyLibrary\PhysicalData\Stark\Debug\link.command.1.tlog
C:\Users\KeisukeFujii\Dropbox\visual_studio\MyLibrary\PhysicalData\Stark\Debug\link.read.1.tlog
C:\Users\KeisukeFujii\Dropbox\visual_studio\MyLibrary\PhysicalData\Stark\Debug\link.write.1.tlog
C:\Users\KeisukeFujii\Dropbox\visual_studio\MyLibrary\PhysicalData\Stark\Debug\vc110.idb
C:\Users\KeisukeFujii\Dropbox\visual_studio\MyLibrary\PhysicalData\Stark\Debug\Stark.pdb
C:\Users\KeisukeFujii\Dropbox\visual_studio\MyLibrary\PhysicalData\Stark\Debug\vc110.pdb
C:\Users\KeisukeFujii\Dropbox\visual_studio\MyLibrary\PhysicalData\Stark\Debug\Stark.exe
