Build started 2012/06/13 11:03:59.
     1>Project "C:\Users\KeisukeFujii\Dropbox\visual_studio\MyLibrary\AndorSIF\AndorSIF.vcxproj" on node 2 (build target(s)).
     1>InitializeBuildStatus:
         Touching "Debug\AndorSIF.unsuccessfulbuild".
       GenerateTargetFrameworkMonikerAttribute:
       Skipping target "GenerateTargetFrameworkMonikerAttribute" because all output files are up-to-date with respect to the input files.
       ClCompile:
         C:\Program Files (x86)\Microsoft Visual Studio 10.0\VC\bin\CL.exe /c /AI"C:\Program Files (x86)\Reference Assemblies\Microsoft\Framework\.NETFramework\v4.0" /Zi /clr /nologo /W3 /WX- /Od /Oy- /D WIN32 /D _DEBUG /D _UNICODE /D UNICODE /EHa /MDd /GS /fp:precise /Zc:wchar_t /Zc:forScope /Fo"Debug\\" /Fd"Debug\vc100.pdb" /TP /analyze- /errorReport:prompt main.cpp /clr:nostdlib 
         main.cpp
     1>c:\program files (x86)\microsoft visual studio 10.0\vc\include\andorsif\AndorSIF.inl(85): warning C4244: '-=' : conversion from 'double' to 'float', possible loss of data
         All outputs are up-to-date.
       Link:
         C:\Program Files (x86)\Microsoft Visual Studio 10.0\VC\bin\link.exe /ERRORREPORT:PROMPT /OUT:"C:\Users\KeisukeFujii\Dropbox\visual_studio\MyLibrary\AndorSIF\Debug\AndorSIF.exe" /INCREMENTAL /NOLOGO /MANIFEST /ManifestFile:"Debug\AndorSIF.exe.intermediate.manifest" /MANIFESTUAC:"level='asInvoker' uiAccess='false'" /DEBUG /PDB:"C:\Users\KeisukeFujii\Dropbox\visual_studio\MyLibrary\AndorSIF\Debug\AndorSIF.pdb" /ASSEMBLYDEBUG /TLBID:1 /DYNAMICBASE /FIXED:NO /NXCOMPAT /MACHINE:X86 Debug\main.obj
         "Debug\.NETFramework,Version=v4.0.AssemblyAttributes.obj"
         AndorSIF.vcxproj -> C:\Users\KeisukeFujii\Dropbox\visual_studio\MyLibrary\AndorSIF\Debug\AndorSIF.exe
       Manifest:
         C:\Program Files (x86)\Microsoft SDKs\Windows\v7.0A\bin\mt.exe /nologo /verbose /outputresource:"C:\Users\KeisukeFujii\Dropbox\visual_studio\MyLibrary\AndorSIF\Debug\AndorSIF.exe;#1" /manifest Debug\AndorSIF.exe.intermediate.manifest
       FinalizeBuildStatus:
         Deleting file "Debug\AndorSIF.unsuccessfulbuild".
         Touching "Debug\AndorSIF.lastbuildstate".
     1>Done Building Project "C:\Users\KeisukeFujii\Dropbox\visual_studio\MyLibrary\AndorSIF\AndorSIF.vcxproj" (build target(s)).

Build succeeded.

Time Elapsed 00:00:01.83
