c:\users\keisukefujii\dropbox\visual_studio\seminar\tikhonov_basic1\tikhonov_basic1\debug\vc120.pdb
c:\users\keisukefujii\dropbox\visual_studio\seminar\tikhonov_basic1\tikhonov_basic1\debug\vc120.idb
c:\users\keisukefujii\dropbox\visual_studio\seminar\tikhonov_basic1\tikhonov_basic1\debug\expconfig.obj
c:\users\keisukefujii\dropbox\visual_studio\seminar\tikhonov_basic1\tikhonov_basic1\debug\main.obj
c:\users\keisukefujii\dropbox\visual_studio\seminar\tikhonov_basic1\tikhonov_basic1\debug\tikhonov.obj
z:\dropbox\visual_studio\seminar\tikhonov_basic1\tikhonov_basic1\debug\vc120.pdb
z:\dropbox\visual_studio\seminar\tikhonov_basic1\tikhonov_basic1\debug\vc120.idb
z:\dropbox\visual_studio\seminar\tikhonov_basic1\tikhonov_basic1\debug\expconfig.obj
z:\dropbox\visual_studio\seminar\tikhonov_basic1\tikhonov_basic1\debug\main.obj
z:\dropbox\visual_studio\seminar\tikhonov_basic1\tikhonov_basic1\debug\tikhonov.obj
c:\users\keisukefujii\dropbox\visual_studio\seminar\tikhonov_basic1\debug\tikhonov_basic1.ilk
c:\users\keisukefujii\dropbox\visual_studio\seminar\tikhonov_basic1\debug\tikhonov_basic1.exe
c:\users\keisukefujii\dropbox\visual_studio\seminar\tikhonov_basic1\debug\tikhonov_basic1.pdb
z:\dropbox\visual_studio\seminar\tikhonov_basic1\debug\tikhonov_basic1.ilk
z:\dropbox\visual_studio\seminar\tikhonov_basic1\debug\tikhonov_basic1.exe
z:\dropbox\visual_studio\seminar\tikhonov_basic1\debug\tikhonov_basic1.pdb
z:\dropbox\visual_studio\seminar\tikhonov_basic1\tikhonov_basic1\debug\tikhonov_basic1.tlog\cl.command.1.tlog
z:\dropbox\visual_studio\seminar\tikhonov_basic1\tikhonov_basic1\debug\tikhonov_basic1.tlog\cl.read.1.tlog
z:\dropbox\visual_studio\seminar\tikhonov_basic1\tikhonov_basic1\debug\tikhonov_basic1.tlog\cl.write.1.tlog
z:\dropbox\visual_studio\seminar\tikhonov_basic1\tikhonov_basic1\debug\tikhonov_basic1.tlog\link.command.1.tlog
z:\dropbox\visual_studio\seminar\tikhonov_basic1\tikhonov_basic1\debug\tikhonov_basic1.tlog\link.read.1.tlog
z:\dropbox\visual_studio\seminar\tikhonov_basic1\tikhonov_basic1\debug\tikhonov_basic1.tlog\link.write.1.tlog
